2022-07-14 03:34:13 INFO  MoneyTransfer:16 - Количество денег в банке до переводов 60000 рублей
2022-07-14 03:34:15 INFO  Bank:28 - Перевод выполнен. Сумма операции 1139. Баланс счета отправителя №nhewdbedmd - 8861 рублей. Баланс счета получателя №bokxznitmd - 11139 рублей.
2022-07-14 03:34:15 INFO  Bank:28 - Перевод выполнен. Сумма операции 521. Баланс счета отправителя №bokxznitmd - 10618 рублей. Баланс счета получателя №zwuqnvsilj - 10521 рублей.
2022-07-14 03:34:15 INFO  Bank:28 - Перевод выполнен. Сумма операции 4297. Баланс счета отправителя №nhewdbedmd - 4564 рублей. Баланс счета получателя №jzsfqenxmy - 14297 рублей.
2022-07-14 03:34:15 INFO  Bank:28 - Перевод выполнен. Сумма операции 1421. Баланс счета отправителя №jzsfqenxmy - 12876 рублей. Баланс счета получателя №nhewdbedmd - 5985 рублей.
2022-07-14 03:34:16 INFO  Bank:28 - Перевод выполнен. Сумма операции 2648. Баланс счета отправителя №zwuqnvsilj - 7873 рублей. Баланс счета получателя №mffibvbfde - 12648 рублей.
2022-07-14 03:34:16 INFO  Bank:28 - Перевод выполнен. Сумма операции 3967. Баланс счета отправителя №bokxznitmd - 6651 рублей. Баланс счета получателя №dfjuskudmn - 13967 рублей.
2022-07-14 03:34:16 INFO  Bank:28 - Перевод выполнен. Сумма операции 3103. Баланс счета отправителя №mffibvbfde - 9545 рублей. Баланс счета получателя №jzsfqenxmy - 15979 рублей.
2022-07-14 03:34:16 INFO  Bank:28 - Перевод выполнен. Сумма операции 1336. Баланс счета отправителя №nhewdbedmd - 4649 рублей. Баланс счета получателя №mffibvbfde - 10881 рублей.
2022-07-14 03:34:18 INFO  Bank:28 - Перевод выполнен. Сумма операции 2591. Баланс счета отправителя №zwuqnvsilj - 5282 рублей. Баланс счета получателя №mffibvbfde - 13472 рублей.
2022-07-14 03:34:18 INFO  Bank:28 - Перевод выполнен. Сумма операции 2420. Баланс счета отправителя №zwuqnvsilj - 2862 рублей. Баланс счета получателя №bokxznitmd - 9071 рублей.
2022-07-14 03:34:18 ERROR Bank:34 - Перевод со своего счета на свой счет невозможен. Счет №jzsfqenxmy.
2022-07-14 03:34:18 INFO  Bank:28 - Перевод выполнен. Сумма операции 4428. Баланс счета отправителя №bokxznitmd - 4643 рублей. Баланс счета получателя №jzsfqenxmy - 20407 рублей.
2022-07-14 03:34:19 INFO  Bank:28 - Перевод выполнен. Сумма операции 2808. Баланс счета отправителя №dfjuskudmn - 11159 рублей. Баланс счета получателя №mffibvbfde - 16280 рублей.
2022-07-14 03:34:19 INFO  Bank:28 - Перевод выполнен. Сумма операции 3080. Баланс счета отправителя №nhewdbedmd - 1569 рублей. Баланс счета получателя №mffibvbfde - 19360 рублей.
2022-07-14 03:34:19 ERROR Bank:38 - Недостаточно средств для перевода 3080 рублей на счет №mffibvbfde. Баланс счета отправителя: 1569
2022-07-14 03:34:20 INFO  Bank:28 - Перевод выполнен. Сумма операции 750. Баланс счета отправителя №zwuqnvsilj - 2112 рублей. Баланс счета получателя №bokxznitmd - 5393 рублей.
2022-07-14 03:34:20 INFO  Bank:28 - Перевод выполнен. Сумма операции 647. Баланс счета отправителя №bokxznitmd - 4746 рублей. Баланс счета получателя №jzsfqenxmy - 21054 рублей.
2022-07-14 03:34:20 INFO  Bank:28 - Перевод выполнен. Сумма операции 26. Баланс счета отправителя №jzsfqenxmy - 21028 рублей. Баланс счета получателя №nhewdbedmd - 1595 рублей.
2022-07-14 03:34:21 INFO  Bank:28 - Перевод выполнен. Сумма операции 3909. Баланс счета отправителя №jzsfqenxmy - 17119 рублей. Баланс счета получателя №nhewdbedmd - 5504 рублей.
2022-07-14 03:34:21 ERROR Bank:38 - Недостаточно средств для перевода 3629 рублей на счет №mffibvbfde. Баланс счета отправителя: 2112
2022-07-14 03:34:21 ERROR Bank:38 - Недостаточно средств для перевода 4873 рублей на счет №mffibvbfde. Баланс счета отправителя: 2112
2022-07-14 03:34:22 ERROR Bank:38 - Недостаточно средств для перевода 3650 рублей на счет №nhewdbedmd. Баланс счета отправителя: 2112
2022-07-14 03:34:22 INFO  Bank:28 - Перевод выполнен. Сумма операции 213. Баланс счета отправителя №mffibvbfde - 19147 рублей. Баланс счета получателя №nhewdbedmd - 5717 рублей.
2022-07-14 03:34:23 INFO  Bank:28 - Перевод выполнен. Сумма операции 1464. Баланс счета отправителя №zwuqnvsilj - 648 рублей. Баланс счета получателя №bokxznitmd - 6210 рублей.
2022-07-14 03:34:23 ERROR Bank:38 - Недостаточно средств для перевода 1464 рублей на счет №bokxznitmd. Баланс счета отправителя: 648
2022-07-14 03:34:23 INFO  Bank:28 - Перевод выполнен. Сумма операции 4702. Баланс счета отправителя №dfjuskudmn - 6457 рублей. Баланс счета получателя №bokxznitmd - 10912 рублей.
2022-07-14 03:34:23 INFO  Bank:28 - Перевод выполнен. Сумма операции 2602. Баланс счета отправителя №bokxznitmd - 8310 рублей. Баланс счета получателя №nhewdbedmd - 8319 рублей.
2022-07-14 03:34:24 INFO  Bank:28 - Перевод выполнен. Сумма операции 4894. Баланс счета отправителя №jzsfqenxmy - 12225 рублей. Баланс счета получателя №bokxznitmd - 13204 рублей.
2022-07-14 03:34:24 INFO  Bank:28 - Перевод выполнен. Сумма операции 4741. Баланс счета отправителя №dfjuskudmn - 1716 рублей. Баланс счета получателя №nhewdbedmd - 13060 рублей.
2022-07-14 03:34:24 ERROR Bank:38 - Недостаточно средств для перевода 4741 рублей на счет №nhewdbedmd. Баланс счета отправителя: 1716
2022-07-14 03:34:25 ERROR Bank:38 - Недостаточно средств для перевода 2994 рублей на счет №jzsfqenxmy. Баланс счета отправителя: 648
2022-07-14 03:34:25 INFO  Bank:28 - Перевод выполнен. Сумма операции 1658. Баланс счета отправителя №mffibvbfde - 17489 рублей. Баланс счета получателя №jzsfqenxmy - 13883 рублей.
2022-07-14 03:34:25 INFO  Bank:28 - Перевод выполнен. Сумма операции 3839. Баланс счета отправителя №bokxznitmd - 9365 рублей. Баланс счета получателя №zwuqnvsilj - 4487 рублей.
2022-07-14 03:34:26 INFO  Bank:28 - Перевод выполнен. Сумма операции 277. Баланс счета отправителя №jzsfqenxmy - 13606 рублей. Баланс счета получателя №zwuqnvsilj - 4764 рублей.
2022-07-14 03:34:26 INFO  Bank:28 - Перевод выполнен. Сумма операции 3804. Баланс счета отправителя №nhewdbedmd - 9256 рублей. Баланс счета получателя №jzsfqenxmy - 17410 рублей.
2022-07-14 03:34:26 INFO  Bank:28 - Перевод выполнен. Сумма операции 2316. Баланс счета отправителя №jzsfqenxmy - 15094 рублей. Баланс счета получателя №nhewdbedmd - 11572 рублей.
2022-07-14 03:34:26 INFO  Bank:28 - Перевод выполнен. Сумма операции 1813. Баланс счета отправителя №mffibvbfde - 15676 рублей. Баланс счета получателя №zwuqnvsilj - 6577 рублей.
2022-07-14 03:34:27 INFO  Bank:28 - Перевод выполнен. Сумма операции 740. Баланс счета отправителя №jzsfqenxmy - 14354 рублей. Баланс счета получателя №mffibvbfde - 16416 рублей.
2022-07-14 03:34:27 INFO  Bank:28 - Перевод выполнен. Сумма операции 263. Баланс счета отправителя №nhewdbedmd - 11309 рублей. Баланс счета получателя №mffibvbfde - 16679 рублей.
2022-07-14 03:34:27 ERROR Bank:38 - Недостаточно средств для перевода 3546 рублей на счет №bokxznitmd. Баланс счета отправителя: 1716
2022-07-14 03:34:28 INFO  Bank:28 - Перевод выполнен. Сумма операции 4820. Баланс счета отправителя №jzsfqenxmy - 9534 рублей. Баланс счета получателя №zwuqnvsilj - 11397 рублей.
2022-07-14 03:34:28 INFO  Bank:28 - Перевод выполнен. Сумма операции 4466. Баланс счета отправителя №jzsfqenxmy - 5068 рублей. Баланс счета получателя №mffibvbfde - 21145 рублей.
2022-07-14 03:34:28 INFO  Bank:28 - Перевод выполнен. Сумма операции 2902. Баланс счета отправителя №zwuqnvsilj - 8495 рублей. Баланс счета получателя №bokxznitmd - 12267 рублей.
2022-07-14 03:34:29 INFO  Bank:28 - Перевод выполнен. Сумма операции 1231. Баланс счета отправителя №nhewdbedmd - 10078 рублей. Баланс счета получателя №bokxznitmd - 13498 рублей.
2022-07-14 03:34:29 INFO  Bank:28 - Перевод выполнен. Сумма операции 96. Баланс счета отправителя №zwuqnvsilj - 8399 рублей. Баланс счета получателя №dfjuskudmn - 1812 рублей.
2022-07-14 03:34:29 ERROR Bank:34 - Перевод со своего счета на свой счет невозможен. Счет №mffibvbfde.
2022-07-14 03:34:30 INFO  Bank:28 - Перевод выполнен. Сумма операции 354. Баланс счета отправителя №zwuqnvsilj - 8045 рублей. Баланс счета получателя №jzsfqenxmy - 5422 рублей.
2022-07-14 03:34:30 ERROR Bank:38 - Недостаточно средств для перевода 3553 рублей на счет №zwuqnvsilj. Баланс счета отправителя: 1812
2022-07-14 03:34:31 INFO  Bank:28 - Перевод выполнен. Сумма операции 1702. Баланс счета отправителя №zwuqnvsilj - 6343 рублей. Баланс счета получателя №bokxznitmd - 15200 рублей.
2022-07-14 03:34:31 INFO  Bank:28 - Перевод выполнен. Сумма операции 2152. Баланс счета отправителя №mffibvbfde - 18993 рублей. Баланс счета получателя №zwuqnvsilj - 8495 рублей.
2022-07-14 03:34:31 INFO  Bank:28 - Перевод выполнен. Сумма операции 1523. Баланс счета отправителя №mffibvbfde - 17470 рублей. Баланс счета получателя №nhewdbedmd - 11601 рублей.
2022-07-14 03:34:32 INFO  Bank:28 - Перевод выполнен. Сумма операции 1953. Баланс счета отправителя №zwuqnvsilj - 6542 рублей. Баланс счета получателя №dfjuskudmn - 3765 рублей.
2022-07-14 03:34:32 INFO  Bank:28 - Перевод выполнен. Сумма операции 1444. Баланс счета отправителя №dfjuskudmn - 2321 рублей. Баланс счета получателя №zwuqnvsilj - 7986 рублей.
2022-07-14 03:34:32 INFO  Bank:28 - Перевод выполнен. Сумма операции 1520. Баланс счета отправителя №jzsfqenxmy - 3902 рублей. Баланс счета получателя №bokxznitmd - 16720 рублей.
2022-07-14 03:34:33 INFO  Bank:28 - Перевод выполнен. Сумма операции 3418. Баланс счета отправителя №zwuqnvsilj - 4568 рублей. Баланс счета получателя №dfjuskudmn - 5739 рублей.
2022-07-14 03:34:34 INFO  Bank:28 - Перевод выполнен. Сумма операции 1201. Баланс счета отправителя №jzsfqenxmy - 2701 рублей. Баланс счета получателя №bokxznitmd - 17921 рублей.
2022-07-14 03:34:34 INFO  Bank:28 - Перевод выполнен. Сумма операции 4194. Баланс счета отправителя №bokxznitmd - 13727 рублей. Баланс счета получателя №jzsfqenxmy - 6895 рублей.
2022-07-14 03:34:34 INFO  Bank:28 - Перевод выполнен. Сумма операции 2188. Баланс счета отправителя №bokxznitmd - 11539 рублей. Баланс счета получателя №jzsfqenxmy - 9083 рублей.
2022-07-14 03:34:35 INFO  Bank:28 - Перевод выполнен. Сумма операции 4435. Баланс счета отправителя №jzsfqenxmy - 4648 рублей. Баланс счета получателя №dfjuskudmn - 10174 рублей.
2022-07-14 03:34:35 INFO  Bank:28 - Перевод выполнен. Сумма операции 2453. Баланс счета отправителя №jzsfqenxmy - 2195 рублей. Баланс счета получателя №mffibvbfde - 19923 рублей.
2022-07-14 03:34:35 ERROR Bank:38 - Недостаточно средств для перевода 2453 рублей на счет №mffibvbfde. Баланс счета отправителя: 2195
2022-07-14 03:34:35 INFO  Bank:28 - Перевод выполнен. Сумма операции 3161. Баланс счета отправителя №bokxznitmd - 8378 рублей. Баланс счета получателя №mffibvbfde - 23084 рублей.
2022-07-14 03:34:36 ERROR Bank:34 - Перевод со своего счета на свой счет невозможен. Счет №mffibvbfde.
2022-07-14 03:34:36 INFO  Bank:28 - Перевод выполнен. Сумма операции 3676. Баланс счета отправителя №mffibvbfde - 19408 рублей. Баланс счета получателя №nhewdbedmd - 15277 рублей.
2022-07-14 03:34:37 INFO  Bank:28 - Перевод выполнен. Сумма операции 4271. Баланс счета отправителя №dfjuskudmn - 5903 рублей. Баланс счета получателя №mffibvbfde - 23679 рублей.
2022-07-14 03:34:37 ERROR Bank:34 - Перевод со своего счета на свой счет невозможен. Счет №bokxznitmd.
2022-07-14 03:34:37 INFO  Bank:28 - Перевод выполнен. Сумма операции 921. Баланс счета отправителя №jzsfqenxmy - 1274 рублей. Баланс счета получателя №dfjuskudmn - 6824 рублей.
2022-07-14 03:34:38 INFO  Bank:28 - Перевод выполнен. Сумма операции 4325. Баланс счета отправителя №mffibvbfde - 19354 рублей. Баланс счета получателя №bokxznitmd - 12703 рублей.
2022-07-14 03:34:38 INFO  Bank:28 - Перевод выполнен. Сумма операции 191. Баланс счета отправителя №zwuqnvsilj - 4377 рублей. Баланс счета получателя №nhewdbedmd - 15468 рублей.
2022-07-14 03:34:38 INFO  Bank:28 - Перевод выполнен. Сумма операции 1217. Баланс счета отправителя №bokxznitmd - 11486 рублей. Баланс счета получателя №dfjuskudmn - 8041 рублей.
2022-07-14 03:34:39 INFO  Bank:28 - Перевод выполнен. Сумма операции 2486. Баланс счета отправителя №dfjuskudmn - 5555 рублей. Баланс счета получателя №mffibvbfde - 21840 рублей.
2022-07-14 03:34:39 ERROR Bank:38 - Недостаточно средств для перевода 4489 рублей на счет №bokxznitmd. Баланс счета отправителя: 1274
2022-07-14 03:34:39 INFO  Bank:28 - Перевод выполнен. Сумма операции 986. Баланс счета отправителя №zwuqnvsilj - 3391 рублей. Баланс счета получателя №bokxznitmd - 12472 рублей.
2022-07-14 03:34:39 ERROR Bank:38 - Недостаточно средств для перевода 4528 рублей на счет №dfjuskudmn. Баланс счета отправителя: 1274
2022-07-14 03:34:40 INFO  Bank:28 - Перевод выполнен. Сумма операции 2311. Баланс счета отправителя №dfjuskudmn - 3244 рублей. Баланс счета получателя №mffibvbfde - 24151 рублей.
2022-07-14 03:34:40 ERROR Bank:34 - Перевод со своего счета на свой счет невозможен. Счет №mffibvbfde.
2022-07-14 03:34:40 INFO  Bank:28 - Перевод выполнен. Сумма операции 2694. Баланс счета отправителя №mffibvbfde - 21457 рублей. Баланс счета получателя №dfjuskudmn - 5938 рублей.
2022-07-14 03:34:41 ERROR Bank:38 - Недостаточно средств для перевода 3828 рублей на счет №bokxznitmd. Баланс счета отправителя: 3391
2022-07-14 03:34:42 ERROR Bank:34 - Перевод со своего счета на свой счет невозможен. Счет №zwuqnvsilj.
2022-07-14 03:34:42 INFO  Bank:28 - Перевод выполнен. Сумма операции 2248. Баланс счета отправителя №dfjuskudmn - 3690 рублей. Баланс счета получателя №zwuqnvsilj - 5639 рублей.
2022-07-14 03:34:42 ERROR Bank:34 - Перевод со своего счета на свой счет невозможен. Счет №dfjuskudmn.
2022-07-14 03:34:42 INFO  Bank:28 - Перевод выполнен. Сумма операции 1892. Баланс счета отправителя №dfjuskudmn - 1798 рублей. Баланс счета получателя №nhewdbedmd - 17360 рублей.
2022-07-14 03:34:42 ERROR Bank:38 - Недостаточно средств для перевода 1892 рублей на счет №nhewdbedmd. Баланс счета отправителя: 1798
2022-07-14 03:34:43 INFO  Bank:28 - Перевод выполнен. Сумма операции 973. Баланс счета отправителя №bokxznitmd - 11499 рублей. Баланс счета получателя №mffibvbfde - 22430 рублей.
2022-07-14 03:34:43 INFO  Bank:28 - Перевод выполнен. Сумма операции 1528. Баланс счета отправителя №zwuqnvsilj - 4111 рублей. Баланс счета получателя №bokxznitmd - 13027 рублей.
2022-07-14 03:34:43 INFO  Bank:28 - Перевод выполнен. Сумма операции 2031. Баланс счета отправителя №bokxznitmd - 10996 рублей. Баланс счета получателя №dfjuskudmn - 3829 рублей.
2022-07-14 03:34:43 INFO  Bank:28 - Перевод выполнен. Сумма операции 4169. Баланс счета отправителя №mffibvbfde - 18261 рублей. Баланс счета получателя №jzsfqenxmy - 5443 рублей.
2022-07-14 03:34:44 INFO  Bank:28 - Перевод выполнен. Сумма операции 2027. Баланс счета отправителя №jzsfqenxmy - 3416 рублей. Баланс счета получателя №bokxznitmd - 13023 рублей.
2022-07-14 03:34:45 INFO  Bank:28 - Перевод выполнен. Сумма операции 176. Баланс счета отправителя №zwuqnvsilj - 3935 рублей. Баланс счета получателя №jzsfqenxmy - 3592 рублей.
2022-07-14 03:34:45 INFO  Bank:28 - Перевод выполнен. Сумма операции 4853. Баланс счета отправителя №bokxznitmd - 8170 рублей. Баланс счета получателя №mffibvbfde - 23114 рублей.
2022-07-14 03:34:45 INFO  Bank:28 - Перевод выполнен. Сумма операции 3755. Баланс счета отправителя №dfjuskudmn - 74 рублей. Баланс счета получателя №nhewdbedmd - 21115 рублей.
2022-07-14 03:34:45 ERROR Bank:38 - Недостаточно средств для перевода 3755 рублей на счет №nhewdbedmd. Баланс счета отправителя: 74
2022-07-14 03:34:46 ERROR Bank:34 - Перевод со своего счета на свой счет невозможен. Счет №bokxznitmd.
2022-07-14 03:34:46 INFO  Bank:28 - Перевод выполнен. Сумма операции 3649. Баланс счета отправителя №bokxznitmd - 4521 рублей. Баланс счета получателя №nhewdbedmd - 24764 рублей.
2022-07-14 03:34:47 ERROR Bank:38 - Недостаточно средств для перевода 2593 рублей на счет №bokxznitmd. Баланс счета отправителя: 74
2022-07-14 03:34:47 INFO  Bank:28 - Перевод выполнен. Сумма операции 3529. Баланс счета отправителя №nhewdbedmd - 21235 рублей. Баланс счета получателя №bokxznitmd - 8050 рублей.
2022-07-14 03:34:47 INFO  Bank:28 - Перевод выполнен. Сумма операции 3993. Баланс счета отправителя №nhewdbedmd - 17242 рублей. Баланс счета получателя №zwuqnvsilj - 7928 рублей.
2022-07-14 03:34:48 ERROR Bank:38 - Недостаточно средств для перевода 1389 рублей на счет №zwuqnvsilj. Баланс счета отправителя: 74
2022-07-14 03:34:48 ERROR Bank:38 - Недостаточно средств для перевода 3680 рублей на счет №mffibvbfde. Баланс счета отправителя: 74
2022-07-14 03:34:48 ERROR Bank:34 - Перевод со своего счета на свой счет невозможен. Счет №zwuqnvsilj.
2022-07-14 03:34:49 INFO  Bank:28 - Перевод выполнен. Сумма операции 1773. Баланс счета отправителя №bokxznitmd - 6277 рублей. Баланс счета получателя №nhewdbedmd - 19015 рублей.
2022-07-14 03:34:49 INFO  Bank:28 - Перевод выполнен. Сумма операции 25. Баланс счета отправителя №nhewdbedmd - 18990 рублей. Баланс счета получателя №jzsfqenxmy - 3617 рублей.
2022-07-14 03:34:49 INFO  Bank:28 - Перевод выполнен. Сумма операции 2075. Баланс счета отправителя №jzsfqenxmy - 1542 рублей. Баланс счета получателя №nhewdbedmd - 21065 рублей.
2022-07-14 03:34:49 ERROR Bank:38 - Недостаточно средств для перевода 2075 рублей на счет №nhewdbedmd. Баланс счета отправителя: 1542
2022-07-14 03:34:50 INFO  Bank:28 - Перевод выполнен. Сумма операции 2134. Баланс счета отправителя №bokxznitmd - 4143 рублей. Баланс счета получателя №zwuqnvsilj - 10062 рублей.
2022-07-14 03:34:50 ERROR Bank:34 - Перевод со своего счета на свой счет невозможен. Счет №bokxznitmd.
2022-07-14 03:34:50 ERROR Bank:34 - Перевод со своего счета на свой счет невозможен. Счет №nhewdbedmd.
2022-07-14 03:34:51 ERROR Bank:38 - Недостаточно средств для перевода 3952 рублей на счет №nhewdbedmd. Баланс счета отправителя: 74
2022-07-14 03:34:51 ERROR Bank:38 - Недостаточно средств для перевода 3456 рублей на счет №zwuqnvsilj. Баланс счета отправителя: 74
2022-07-14 03:34:52 INFO  Bank:28 - Перевод выполнен. Сумма операции 1929. Баланс счета отправителя №nhewdbedmd - 19136 рублей. Баланс счета получателя №zwuqnvsilj - 11991 рублей.
2022-07-14 03:34:52 ERROR Bank:38 - Недостаточно средств для перевода 981 рублей на счет №mffibvbfde. Баланс счета отправителя: 74
2022-07-14 03:34:52 ERROR Bank:38 - Недостаточно средств для перевода 2223 рублей на счет №bokxznitmd. Баланс счета отправителя: 1542
2022-07-14 03:34:52 INFO  Bank:28 - Перевод выполнен. Сумма операции 3758. Баланс счета отправителя №bokxznitmd - 385 рублей. Баланс счета получателя №jzsfqenxmy - 5300 рублей.
2022-07-14 03:34:52 ERROR Bank:38 - Недостаточно средств для перевода 3758 рублей на счет №jzsfqenxmy. Баланс счета отправителя: 385
2022-07-14 03:34:53 ERROR Bank:34 - Перевод со своего счета на свой счет невозможен. Счет №jzsfqenxmy.
2022-07-14 03:34:53 INFO  Bank:28 - Перевод выполнен. Сумма операции 3682. Баланс счета отправителя №zwuqnvsilj - 8309 рублей. Баланс счета получателя №jzsfqenxmy - 8982 рублей.
2022-07-14 03:34:54 INFO  Bank:28 - Перевод выполнен. Сумма операции 4907. Баланс счета отправителя №zwuqnvsilj - 3402 рублей. Баланс счета получателя №dfjuskudmn - 4981 рублей.
2022-07-14 03:34:54 ERROR Bank:38 - Недостаточно средств для перевода 4907 рублей на счет №dfjuskudmn. Баланс счета отправителя: 3402
2022-07-14 03:34:54 ERROR Bank:34 - Перевод со своего счета на свой счет невозможен. Счет №mffibvbfde.
2022-07-14 03:34:54 INFO  Bank:28 - Перевод выполнен. Сумма операции 3970. Баланс счета отправителя №jzsfqenxmy - 5012 рублей. Баланс счета получателя №mffibvbfde - 27084 рублей.
2022-07-14 03:34:55 INFO  Bank:28 - Перевод выполнен. Сумма операции 2872. Баланс счета отправителя №zwuqnvsilj - 530 рублей. Баланс счета получателя №dfjuskudmn - 7853 рублей.
2022-07-14 03:34:55 ERROR Bank:38 - Недостаточно средств для перевода 2872 рублей на счет №dfjuskudmn. Баланс счета отправителя: 530
2022-07-14 03:34:55 ERROR Bank:38 - Недостаточно средств для перевода 1632 рублей на счет №mffibvbfde. Баланс счета отправителя: 385
2022-07-14 03:34:55 INFO  Bank:28 - Перевод выполнен. Сумма операции 4173. Баланс счета отправителя №dfjuskudmn - 3680 рублей. Баланс счета получателя №nhewdbedmd - 23309 рублей.
2022-07-14 03:34:55 ERROR Bank:38 - Недостаточно средств для перевода 4173 рублей на счет №nhewdbedmd. Баланс счета отправителя: 3680
2022-07-14 03:34:56 INFO  Bank:28 - Перевод выполнен. Сумма операции 2125. Баланс счета отправителя №dfjuskudmn - 1555 рублей. Баланс счета получателя №nhewdbedmd - 25434 рублей.
2022-07-14 03:34:56 ERROR Bank:38 - Недостаточно средств для перевода 2125 рублей на счет №nhewdbedmd. Баланс счета отправителя: 1555
2022-07-14 03:34:56 ERROR Bank:34 - Перевод со своего счета на свой счет невозможен. Счет №dfjuskudmn.
2022-07-14 03:34:56 ERROR Bank:38 - Недостаточно средств для перевода 4362 рублей на счет №dfjuskudmn. Баланс счета отправителя: 1555
2022-07-14 03:34:56 INFO  Bank:28 - Перевод выполнен. Сумма операции 4013. Баланс счета отправителя №jzsfqenxmy - 999 рублей. Баланс счета получателя №mffibvbfde - 31097 рублей.
2022-07-14 03:34:56 ERROR Bank:38 - Недостаточно средств для перевода 4013 рублей на счет №mffibvbfde. Баланс счета отправителя: 999
2022-07-14 03:34:57 INFO  Bank:28 - Перевод выполнен. Сумма операции 3533. Баланс счета отправителя №nhewdbedmd - 21901 рублей. Баланс счета получателя №zwuqnvsilj - 4063 рублей.
2022-07-14 03:34:58 ERROR Bank:34 - Перевод со своего счета на свой счет невозможен. Счет №mffibvbfde.
2022-07-14 03:34:58 ERROR Bank:34 - Перевод со своего счета на свой счет невозможен. Счет №dfjuskudmn.
2022-07-14 03:34:58 INFO  MoneyTransfer:32 - Количество денег в банке после переводов 60000 рублей
